2023-04-19 12:09:03 INFO  Log:14 - *********************
2023-04-19 12:09:03 INFO  Log:15 - *********************
2023-04-19 12:09:03 INFO  Log:16 - *********This is the beginning of my Test case**********
2023-04-19 12:09:03 INFO  Log:26 - My test case is executing right now
2023-04-19 12:09:03 INFO  Log:30 - My test case might have some trivial issues
2023-04-19 12:09:10 INFO  Log:26 - This test case is about to get completed
2023-04-19 12:09:10 INFO  Log:20 - #####################################
2023-04-19 12:09:10 INFO  Log:21 - #####################################
2023-04-19 12:09:10 INFO  Log:22 - #################This test case is finished#####################
2023-05-09 20:07:22 INFO  Log:14 - *********************
2023-05-09 20:07:22 INFO  Log:15 - *********************
2023-05-09 20:07:22 INFO  Log:16 - *********This is the beginning of my Test case**********
2023-05-09 20:07:22 INFO  Log:26 - My test case is executing right now
2023-05-09 20:07:22 INFO  Log:30 - My test case might have some trivial issues
2023-05-09 20:07:27 INFO  Log:26 - This test case is about to get completed
2023-05-09 20:07:27 INFO  Log:20 - #####################################
2023-05-09 20:07:27 INFO  Log:21 - #####################################
2023-05-09 20:07:27 INFO  Log:22 - #################This test case is finished#####################
2023-05-13 13:45:08 INFO  Log:14 - *********************
2023-05-13 13:45:08 INFO  Log:15 - *********************
2023-05-13 13:45:08 INFO  Log:16 - *********This is the beginning of my Test case**********
2023-05-13 13:45:08 INFO  Log:26 - My test case is executing right now
2023-05-13 13:45:08 INFO  Log:30 - My test case might have some trivial issues
2023-05-13 13:45:16 INFO  Log:26 - This test case is about to get completed
2023-05-13 13:45:16 INFO  Log:20 - #####################################
2023-05-13 13:45:16 INFO  Log:21 - #####################################
2023-05-13 13:45:16 INFO  Log:22 - #################This test case is finished#####################
2023-05-30 20:32:39 INFO  Log:14 - *********************
2023-05-30 20:32:39 INFO  Log:15 - *********************
2023-05-30 20:32:39 INFO  Log:16 - *********This is the beginning of my Test case**********
2023-05-30 20:32:39 INFO  Log:26 - My test case is executing right now
2023-05-30 20:32:39 INFO  Log:30 - My test case might have some trivial issues
2023-05-30 20:33:07 INFO  Log:26 - This test case is about to get completed
2023-05-30 20:33:07 INFO  Log:20 - #####################################
2023-05-30 20:33:07 INFO  Log:21 - #####################################
2023-05-30 20:33:07 INFO  Log:22 - #################This test case is finished#####################
2023-05-30 20:33:54 INFO  Log:14 - *********************
2023-05-30 20:33:54 INFO  Log:15 - *********************
2023-05-30 20:33:54 INFO  Log:16 - *********This is the beginning of my Test case**********
2023-05-30 20:33:54 INFO  Log:26 - My test case is executing right now
2023-05-30 20:33:54 INFO  Log:30 - My test case might have some trivial issues
2023-05-30 20:34:29 INFO  Log:26 - This test case is about to get completed
2023-05-30 20:34:29 INFO  Log:20 - #####################################
2023-05-30 20:34:29 INFO  Log:21 - #####################################
2023-05-30 20:34:29 INFO  Log:22 - #################This test case is finished#####################
